Build started 4/7/2022 1:10:33 AM.
     1>Project "C:\Users\20112\Downloads\sem_team_6\sem_team_6\PT-Project.vcxproj" on node 2 (Build target(s)).
     1>Link:
         C:\Program Files (x86)\Microsoft Visual Studio 12.0\VC\bin\link.exe /ERRORREPORT:PROMPT /OUT:".\Debug/PT Project.exe" /INCREMENTAL /NOLOGO odbc32.lib odbccp32.lib winmm.lib kernel32.lib user32.lib gdi32.lib winspool.lib comdlg32.lib advapi32.lib shell32.lib ole32.lib oleaut32.lib uuid.lib odbc32.lib odbccp32.lib /MANIFEST /MANIFESTUAC:"level='asInvoker' uiAccess='false'" /manifest:embed /DEBUG /PDB:".\Debug/PT Project.pdb" /SUBSYSTEM:CONSOLE /TLBID:1 /DYNAMICBASE /NXCOMPAT /IMPLIB:".\Debug\PT Project.lib" /MACHINE:X86 /SAFESEH .\Debug/Action.obj
         .\Debug/AddCardAction.obj
         .\Debug/AddLadderAction.obj
         .\Debug/AddSnakeAction.obj
         .\Debug/ApplicationManager.obj
         .\Debug/Card.obj
         .\Debug/CardEight.obj
         .\Debug/CardEleven.obj
         .\Debug/CardFive.obj
         .\Debug/CardFour.obj
         .\Debug/CardNine.obj
         .\Debug/CardOne.obj
         .\Debug/CardSeven.obj
         .\Debug/CardSix.obj
         .\Debug/CardTen.obj
         .\Debug/CardThree.obj
         .\Debug/CardTwelve.obj
         .\Debug/CardTwo.obj
         .\Debug/Cell.obj
         .\Debug/CellPosition.obj
         .\Debug/auxil.obj
         .\Debug/CMUgraphics.obj
         .\Debug/colors.obj
         .\Debug/image.obj
         .\Debug/jpegload.obj
         .\Debug/keyqueue.obj
         .\Debug/mousequeue.obj
         .\Debug/windowinput.obj
         .\Debug/jcomapi.obj
         .\Debug/jcparam.obj
         .\Debug/jdapimin.obj
         .\Debug/jdapistd.obj
         .\Debug/jdatasrc.obj
         .\Debug/jdcoefct.obj
         .\Debug/jdcolor.obj
         .\Debug/jddctmgr.obj
         .\Debug/jdhuff.obj
         .\Debug/jdinput.obj
         .\Debug/jdmainct.obj
         .\Debug/jdmarker.obj
         .\Debug/jdmaster.obj
         .\Debug/jdmerge.obj
         .\Debug/jdphuff.obj
         .\Debug/jdpostct.obj
         .\Debug/jdsample.obj
         .\Debug/jdtrans.obj
         .\Debug/jerror.obj
         .\Debug/jidctflt.obj
         .\Debug/jidctfst.obj
         .\Debug/jidctint.obj
         .\Debug/jidctred.obj
         .\Debug/jmemmgr.obj
         .\Debug/jmemnobs.obj
         .\Debug/jquant1.obj
         .\Debug/jquant2.obj
         .\Debug/jutils.obj
         .\Debug/CopyCard.obj
         .\Debug/CutCard.obj
         .\Debug/DeleteGameObject.obj
         .\Debug/DesignModeToolBar.obj
         .\Debug/GameObject.obj
         .\Debug/Grid.obj
         .\Debug/Input.obj
         .\Debug/InputDiceValue.obj
         .\Debug/Ladder.obj
         .\Debug/NewGame.obj
         .\Debug/OpenGrid.obj
         .\Debug/Output.obj
         .\Debug/PasteCard.obj
         .\Debug/Player.obj
         .\Debug/Main.obj
         .\Debug/PlayModeToolBar.obj
         .\Debug/RollDiceAction.obj
         .\Debug/SaveGrid.obj
         .\Debug/Snake.obj
         PT-Project.vcxproj -> C:\Users\20112\Downloads\sem_team_6\sem_team_6\.\Debug\PT Project.exe
       BscMake:
         C:\Program Files (x86)\Microsoft Visual Studio 12.0\VC\bin\bscmake.exe /nologo /o".\Debug/PT Project.bsc" .\Debug\Action.sbr .\Debug\AddCardAction.sbr .\Debug\AddLadderAction.sbr .\Debug\AddSnakeAction.sbr .\Debug\ApplicationManager.sbr .\Debug\Card.sbr .\Debug\CardEight.sbr .\Debug\CardEleven.sbr .\Debug\CardFive.sbr .\Debug\CardFour.sbr .\Debug\CardNine.sbr .\Debug\CardOne.sbr .\Debug\CardSeven.sbr .\Debug\CardSix.sbr .\Debug\CardTen.sbr .\Debug\CardThree.sbr .\Debug\CardTwelve.sbr .\Debug\CardTwo.sbr .\Debug\Cell.sbr .\Debug\CellPosition.sbr .\Debug\auxil.sbr .\Debug\CMUgraphics.sbr .\Debug\colors.sbr .\Debug\image.sbr .\Debug\jpegload.sbr .\Debug\keyqueue.sbr .\Debug\mousequeue.sbr .\Debug\windowinput.sbr .\Debug\jcomapi.sbr .\Debug\jcparam.sbr .\Debug\jdapimin.sbr .\Debug\jdapistd.sbr .\Debug\jdatasrc.sbr .\Debug\jdcoefct.sbr .\Debug\jdcolor.sbr .\Debug\jddctmgr.sbr .\Debug\jdhuff.sbr .\Debug\jdinput.sbr .\Debug\jdmainct.sbr .\Debug\jdmarker.sbr .\Debug\jdmaster.sbr .\Debug\jdmerge.sbr .\Debug\jdphuff.sbr .\Debug\jdpostct.sbr .\Debug\jdsample.sbr .\Debug\jdtrans.sbr .\Debug\jerror.sbr .\Debug\jidctflt.sbr .\Debug\jidctfst.sbr .\Debug\jidctint.sbr .\Debug\jidctred.sbr .\Debug\jmemmgr.sbr .\Debug\jmemnobs.sbr .\Debug\jquant1.sbr .\Debug\jquant2.sbr .\Debug\jutils.sbr .\Debug\CopyCard.sbr .\Debug\CutCard.sbr .\Debug\DeleteGameObject.sbr .\Debug\DesignModeToolBar.sbr .\Debug\GameObject.sbr .\Debug\Grid.sbr .\Debug\Input.sbr .\Debug\InputDiceValue.sbr .\Debug\Ladder.sbr .\Debug\NewGame.sbr .\Debug\OpenGrid.sbr .\Debug\Output.sbr .\Debug\PasteCard.sbr .\Debug\Player.sbr .\Debug\Main.sbr .\Debug\PlayModeToolBar.sbr .\Debug\RollDiceAction.sbr .\Debug\SaveGrid.sbr .\Debug\Snake.sbr
     1>Done Building Project "C:\Users\20112\Downloads\sem_team_6\sem_team_6\PT-Project.vcxproj" (Build target(s)).

Build succeeded.

Time Elapsed 00:00:02.02
